<?xml version="1.0" encoding="UTF-8"?>
<!-- Generated by org.testng.reporters.JUnitReportReporter -->
<testsuite hostname="LAPTOP-BFL3PLL7" failures="0" tests="1" name="sdet52.TestScript12Test" time="0.007" errors="0" timestamp="2023-11-27T16:34:45 IST" skipped="0">
  <testcase classname="sdet52.TestScript12Test" name="ts1Test" time="0.007"/>
</testsuite> <!-- sdet52.TestScript12Test -->
