<?xml version="1.0" encoding="UTF-8"?>
<!-- Generated by org.testng.reporters.JUnitReportReporter -->
<testsuite hostname="LAPTOP-BFL3PLL7" failures="0" tests="2" name="sdet52.TestScript34Test" time="0.004" errors="0" timestamp="2023-11-27T16:34:45 IST" skipped="0">
  <testcase classname="sdet52.TestScript34Test" name="ts3Test" time="0.001"/>
  <testcase classname="sdet52.TestScript34Test" name="ts4Test" time="0.003"/>
</testsuite> <!-- sdet52.TestScript34Test -->
