<?xml version="1.0" encoding="UTF-8"?>
<!-- Generated by org.testng.reporters.JUnitReportReporter -->
<testsuite hostname="LAPTOP-BFL3PLL7" failures="0" tests="1" name="sdet52.TestScript34Test" time="0.009" errors="0" timestamp="2023-11-30T09:19:14 IST" skipped="0">
  <testcase classname="sdet52.TestScript34Test" name="ts4Test" time="0.009"/>
</testsuite> <!-- sdet52.TestScript34Test -->
